0 info it worked if it ends with ok
1 verbose cli [ '/usr/local/bin/node', '/usr/local/bin/npm', 'install' ]
2 info using npm@3.10.10
3 info using node@v6.11.4
4 silly loadCurrentTree Starting
5 silly install loadCurrentTree
6 silly install readLocalPackageData
7 silly install normalizeTree
8 silly loadCurrentTree Finishing
9 silly loadIdealTree Starting
10 silly install loadIdealTree
11 silly cloneCurrentTree Starting
12 silly install cloneCurrentTreeToIdealTree
13 silly cloneCurrentTree Finishing
14 silly loadShrinkwrap Starting
15 silly install loadShrinkwrap
16 silly loadShrinkwrap Finishing
17 silly loadAllDepsIntoIdealTree Starting
18 silly install loadAllDepsIntoIdealTree
19 silly loadAllDepsIntoIdealTree Finishing
20 silly loadIdealTree Finishing
21 silly currentTree portfolio-ricardo@1.0.0
21 silly currentTree ├── bootstrap@3.3.7
21 silly currentTree └── font-awesome@4.7.0
22 silly idealTree portfolio-ricardo@1.0.0
22 silly idealTree ├── bootstrap@3.3.7
22 silly idealTree └── font-awesome@4.7.0
23 silly generateActionsToTake Starting
24 silly install generateActionsToTake
25 silly generateActionsToTake Finishing
26 silly diffTrees action count 0
27 silly decomposeActions action count 0
28 silly runTopLevelLifecycles Starting
29 silly install runPreinstallTopLevelLifecycles
30 silly preinstall portfolio-ricardo@1.0.0 /Users/ricardo_do_vale/Sites/Udemy/cours-frontend/projet/portfolio-ricardo-fed349af
31 info lifecycle portfolio-ricardo@1.0.0~preinstall: portfolio-ricardo@1.0.0
32 silly lifecycle portfolio-ricardo@1.0.0~preinstall: no script for preinstall, continuing
33 silly executeActions Starting
34 silly install executeActions
35 silly doSerial global-install 0
36 silly doParallel fetch 0
37 verbose correctMkdir /Users/ricardo_do_vale/.npm/_locks correctMkdir not in flight; initializing
38 verbose lock using /Users/ricardo_do_vale/.npm/_locks/staging-1ecf279e480e99c3.lock for /Users/ricardo_do_vale/Sites/Udemy/cours-frontend/projet/node_modules/.staging
39 silly doParallel extract 0
40 silly doParallel preinstall 0
41 silly doReverseSerial remove 0
42 silly doSerial move 0
43 silly doSerial finalize 0
44 silly doSerial build 0
45 silly doSerial global-link 0
46 silly doParallel update-linked 0
47 silly doSerial install 0
48 silly doSerial postinstall 0
49 verbose unlock done using /Users/ricardo_do_vale/.npm/_locks/staging-1ecf279e480e99c3.lock for /Users/ricardo_do_vale/Sites/Udemy/cours-frontend/projet/node_modules/.staging
50 silly executeActions Finishing
51 silly rollbackFailedOptional Starting
52 silly rollbackFailedOptional Finishing
53 silly install runPostinstallTopLevelLifecycles
54 silly build portfolio-ricardo@1.0.0
55 info linkStuff portfolio-ricardo@1.0.0
56 silly linkStuff portfolio-ricardo@1.0.0 has /Users/ricardo_do_vale/Sites/Udemy/cours-frontend as its parent node_modules
57 verbose linkBins portfolio-ricardo@1.0.0
58 verbose linkMans portfolio-ricardo@1.0.0
59 silly install portfolio-ricardo@1.0.0 /Users/ricardo_do_vale/Sites/Udemy/cours-frontend/projet/portfolio-ricardo-fed349af
60 info lifecycle portfolio-ricardo@1.0.0~install: portfolio-ricardo@1.0.0
61 silly lifecycle portfolio-ricardo@1.0.0~install: no script for install, continuing
62 silly postinstall portfolio-ricardo@1.0.0 /Users/ricardo_do_vale/Sites/Udemy/cours-frontend/projet/portfolio-ricardo-fed349af
63 info lifecycle portfolio-ricardo@1.0.0~postinstall: portfolio-ricardo@1.0.0
64 verbose lifecycle portfolio-ricardo@1.0.0~postinstall: unsafe-perm in lifecycle true
65 verbose lifecycle portfolio-ricardo@1.0.0~postinstall: PATH: /usr/local/lib/node_modules/npm/bin/node-gyp-bin:/Users/ricardo_do_vale/Sites/Udemy/cours-frontend/projet/node_modules/.bin:/usr/local/bin:/usr/bin:/bin:/usr/sbin:/sbin
66 verbose lifecycle portfolio-ricardo@1.0.0~postinstall: CWD: /Users/ricardo_do_vale/Sites/Udemy/cours-frontend/projet
67 silly lifecycle portfolio-ricardo@1.0.0~postinstall: Args: [ '-c',
67 silly lifecycle   'cp -r node_modules/bootstrap/dist/ src/components/bootstrap/' ]
68 silly lifecycle portfolio-ricardo@1.0.0~postinstall: Returned: code: 1  signal: null
69 info lifecycle portfolio-ricardo@1.0.0~postinstall: Failed to exec postinstall script
70 warn portfolio-ricardo@1.0.0 No repository field.
71 verbose If you need help, you may report this error at:
71 verbose     <https://github.com/npm/npm/issues>
72 verbose stack Error: portfolio-ricardo@1.0.0 postinstall: `cp -r node_modules/bootstrap/dist/ src/components/bootstrap/`
72 verbose stack Exit status 1
72 verbose stack     at EventEmitter.<anonymous> (/usr/local/lib/node_modules/npm/lib/utils/lifecycle.js:255:16)
72 verbose stack     at emitTwo (events.js:106:13)
72 verbose stack     at EventEmitter.emit (events.js:191:7)
72 verbose stack     at ChildProcess.<anonymous> (/usr/local/lib/node_modules/npm/lib/utils/spawn.js:40:14)
72 verbose stack     at emitTwo (events.js:106:13)
72 verbose stack     at ChildProcess.emit (events.js:191:7)
72 verbose stack     at maybeClose (internal/child_process.js:920:16)
72 verbose stack     at Process.ChildProcess._handle.onexit (internal/child_process.js:230:5)
73 verbose pkgid portfolio-ricardo@1.0.0
74 verbose cwd /Users/ricardo_do_vale/Sites/Udemy/cours-frontend/projet
75 error Darwin 17.0.0
76 error argv "/usr/local/bin/node" "/usr/local/bin/npm" "install"
77 error node v6.11.4
78 error npm  v3.10.10
79 error code ELIFECYCLE
80 error portfolio-ricardo@1.0.0 postinstall: `cp -r node_modules/bootstrap/dist/ src/components/bootstrap/`
80 error Exit status 1
81 error Failed at the portfolio-ricardo@1.0.0 postinstall script 'cp -r node_modules/bootstrap/dist/ src/components/bootstrap/'.
81 error Make sure you have the latest version of node.js and npm installed.
81 error If you do, this is most likely a problem with the portfolio-ricardo package,
81 error not with npm itself.
81 error Tell the author that this fails on your system:
81 error     cp -r node_modules/bootstrap/dist/ src/components/bootstrap/
81 error You can get information on how to open an issue for this project with:
81 error     npm bugs portfolio-ricardo
81 error Or if that isn't available, you can get their info via:
81 error     npm owner ls portfolio-ricardo
81 error There is likely additional logging output above.
82 verbose exit [ 1, true ]
